<?xml version="1.0" encoding="UTF-8"?>
<!-- Generated by org.testng.reporters.JUnitXMLReporter -->
<testsuite hostname="LAPTOP-34TFF43U" ignored="0" name="Default test" tests="3" failures="0" timestamp="18 Jul 2017 16:08:02 GMT" time="41.607" errors="0">
  <testcase name="TestCase1" time="16.699" classname="automationFramework.MecuryTours_TestCases_Neth"/>
  <testcase name="TestCase2" time="9.118" classname="automationFramework.MecuryTours_TestCases_Neth"/>
  <testcase name="TestCase3" time="11.256" classname="automationFramework.MecuryTours_TestCases_Neth"/>
</testsuite> <!-- Default test -->
