<?xml version="1.0" encoding="UTF-8"?>
<!-- Generated by org.testng.reporters.JUnitXMLReporter -->
<testsuite hostname="LAPTOP-34TFF43U" ignored="0" name="Test" tests="3" failures="0" timestamp="18 Jul 2017 18:17:39 GMT" time="44.82" errors="0">
  <testcase name="TestCase1" time="19.554" classname="automationFramework.MecuryTours_TestCases_Neth"/>
  <testcase name="TestCase2" time="8.742" classname="automationFramework.MecuryTours_TestCases_Neth"/>
  <testcase name="TestCase3" time="11.509" classname="automationFramework.MecuryTours_TestCases_Neth"/>
</testsuite> <!-- Test -->
